<?xml version="1.0" encoding="UTF-8"?>
<!-- Generated by org.testng.reporters.JUnitReportReporter -->
<testsuite hostname="DESKTOP-7S7LCUO" failures="0" tests="1" name="com.sel.day3.DataDriven" time="5.754" errors="0" timestamp="2025-04-21T21:35:08 IST" skipped="0">
  <testcase classname="com.sel.day3.DataDriven" name="readExcel" time="5.754"/>
</testsuite> <!-- com.sel.day3.DataDriven -->
