<?xml version="1.0" encoding="UTF-8"?>
<!-- Generated by org.testng.reporters.JUnitReportReporter -->
<testsuite hostname="DESKTOP-7S7LCUO" failures="0" tests="4" name="com.sel.day5.TestParalley" time="62.369" errors="0" timestamp="2025-04-23T21:27:34 IST" skipped="0">
  <testcase classname="com.sel.day5.TestParalley" name="test4" time="15.553"/>
  <testcase classname="com.sel.day5.TestParalley" name="test3" time="15.996"/>
  <testcase classname="com.sel.day5.TestParalley" name="test1" time="16.109"/>
  <testcase classname="com.sel.day5.TestParalley" name="test2" time="14.711"/>
</testsuite> <!-- com.sel.day5.TestParalley -->
