<?xml version="1.0" encoding="UTF-8"?>
<!-- Generated by org.testng.reporters.JUnitReportReporter -->
<testsuite hostname="DESKTOP-7S7LCUO" failures="0" tests="1" name="api.day1.Day2DifferentWaysToCreatePayload" time="10.421" errors="0" timestamp="2025-05-16T21:57:02 IST" skipped="0">
  <testcase classname="api.day1.Day2DifferentWaysToCreatePayload" name="readExternalFile" time="10.421"/>
</testsuite> <!-- api.day1.Day2DifferentWaysToCreatePayload -->
