<?xml version="1.0" encoding="UTF-8"?>
<!-- Generated by org.testng.reporters.JUnitReportReporter -->
<testsuite hostname="DESKTOP-7S7LCUO" failures="0" tests="1" name="com.sel.day4.Param" time="0.293" errors="0" timestamp="2025-04-22T20:09:30 IST" skipped="0">
  <testcase classname="com.sel.day4.Param" name="login" time="0.293"/>
</testsuite> <!-- com.sel.day4.Param -->
