<?xml version="1.0" encoding="UTF-8"?>
<!-- Generated by org.testng.reporters.JUnitReportReporter -->
<testsuite hostname="DESKTOP-7S7LCUO" failures="0" tests="3" name="com.pagemodel.CreateNewPageTest" time="2.818" errors="0" timestamp="2025-04-25T21:50:24 IST" skipped="2">
  <testcase classname="com.pagemodel.CreateNewPageTest" name="verifyFirstName" time="2.818"/>
  <testcase classname="com.pagemodel.CreateNewPageTest" name="printTitle">
    <skipped/>
  </testcase> <!-- printTitle -->
  <testcase classname="com.pagemodel.CreateNewPageTest" name="printTitle2">
    <skipped/>
  </testcase> <!-- printTitle2 -->
</testsuite> <!-- com.pagemodel.CreateNewPageTest -->
