<?xml version="1.0" encoding="UTF-8"?>
<!-- Generated by org.testng.reporters.JUnitReportReporter -->
<testsuite hostname="DESKTOP-7S7LCUO" failures="0" tests="1" name="api.day2.PathQuery" time="11.253" errors="0" timestamp="2025-05-16T22:05:19 IST" skipped="0">
  <testcase classname="api.day2.PathQuery" name="queryParameter" time="11.253"/>
</testsuite> <!-- api.day2.PathQuery -->
