<?xml version="1.0" encoding="UTF-8"?>
<!-- Generated by org.testng.reporters.JUnitReportReporter -->
<testsuite hostname="DESKTOP-7S7LCUO" failures="0" tests="1" name="com.sel.day2.WindowHandles" time="12.042" errors="0" timestamp="2025-04-17T21:01:41 IST" skipped="0">
  <testcase classname="com.sel.day2.WindowHandles" name="test1" time="12.042"/>
</testsuite> <!-- com.sel.day2.WindowHandles -->
