<?xml version="1.0" encoding="UTF-8"?>
<!-- Generated by org.testng.reporters.JUnitReportReporter -->
<testsuite hostname="DESKTOP-7S7LCUO" failures="0" tests="1" name="com.swag_labs.tests.ScreenRec" time="0.146" errors="0" timestamp="2025-05-01T00:01:21 IST" skipped="0">
  <testcase classname="com.swag_labs.tests.ScreenRec" name="reverse" time="0.146"/>
</testsuite> <!-- com.swag_labs.tests.ScreenRec -->
