<?xml version="1.0" encoding="UTF-8"?>
<!-- Generated by org.testng.reporters.JUnitReportReporter -->
<testsuite hostname="DESKTOP-7S7LCUO" failures="0" tests="2" name="com.pagemodel.FacebookTest" time="1.759" errors="0" timestamp="2025-04-24T21:23:01 IST" skipped="0">
  <testcase classname="com.pagemodel.FacebookTest" name="loginWithInvalidCredentials" time="0.956"/>
  <testcase classname="com.pagemodel.FacebookTest" name="loginWithInvalidCredentials2" time="0.803"/>
</testsuite> <!-- com.pagemodel.FacebookTest -->
