<?xml version="1.0" encoding="UTF-8"?>
<!-- Generated by org.testng.reporters.JUnitReportReporter -->
<testsuite hostname="DESKTOP-7S7LCUO" failures="0" tests="3" name="com.sel.day4.TESTNG2" time="0.397" errors="0" timestamp="2025-04-22T19:56:08 IST" skipped="0">
  <testcase classname="com.sel.day4.TESTNG2" name="test" time="0.021"/>
  <testcase classname="com.sel.day4.TESTNG2" name="test" time="0.070"/>
  <testcase classname="com.sel.day4.TESTNG2" name="test" time="0.306"/>
</testsuite> <!-- com.sel.day4.TESTNG2 -->
