<?xml version="1.0" encoding="UTF-8"?>
<!-- Generated by org.testng.reporters.JUnitReportReporter -->
<testsuite hostname="DESKTOP-7S7LCUO" failures="0" tests="1" name="com.sel.day5.Assertions1" time="0.330" errors="0" timestamp="2025-04-23T21:03:47 IST" skipped="0">
  <testcase classname="com.sel.day5.Assertions1" name="test12" time="0.330"/>
</testsuite> <!-- com.sel.day5.Assertions1 -->
