<?xml version="1.0" encoding="UTF-8"?>
<!-- Generated by org.testng.reporters.JUnitReportReporter -->
<testsuite hostname="DESKTOP-7S7LCUO" failures="0" tests="1" name="com.sel.day3.TakesScrnshot" time="0.362" errors="0" timestamp="2025-04-21T21:07:47 IST" skipped="0">
  <testcase classname="com.sel.day3.TakesScrnshot" name="tkscrnshot" time="0.362"/>
</testsuite> <!-- com.sel.day3.TakesScrnshot -->
