<?xml version="1.0" encoding="UTF-8"?>
<!-- Generated by org.testng.reporters.JUnitReportReporter -->
<testsuite hostname="DESKTOP-7S7LCUO" failures="0" tests="3" name="com.sel.day4.TESTNG1" time="0.083" errors="0" timestamp="2025-04-22T19:40:13 IST" skipped="1">
  <testcase classname="com.sel.day4.TESTNG1" name="rTest" time="0.072"/>
  <testcase classname="com.sel.day4.TESTNG1" name="rTest2" time="0.011"/>
  <testcase classname="com.sel.day4.TESTNG1" name="test1">
    <skipped/>
  </testcase> <!-- test1 -->
</testsuite> <!-- com.sel.day4.TESTNG1 -->
