<?xml version="1.0" encoding="UTF-8"?>
<!-- Generated by org.testng.reporters.JUnitReportReporter -->
<testsuite hostname="DESKTOP-7S7LCUO" failures="0" tests="1" name="api.day1.Day2DifferentWaysToCreatePayload" time="13.264" errors="0" timestamp="2025-05-12T22:15:03 IST" skipped="0">
  <testcase classname="api.day1.Day2DifferentWaysToCreatePayload" name="test1" time="13.264"/>
</testsuite> <!-- api.day1.Day2DifferentWaysToCreatePayload -->
