<?xml version="1.0" encoding="UTF-8"?>
<!-- Generated by org.testng.reporters.JUnitReportReporter -->
<testsuite hostname="DESKTOP-7S7LCUO" failures="0" tests="1" name="api.day3.ApiChaining" time="6.678" errors="0" timestamp="2025-05-19T22:21:45 IST" skipped="0">
  <testcase classname="api.day3.ApiChaining" name="readUser" time="6.678"/>
</testsuite> <!-- api.day3.ApiChaining -->
