<?xml version="1.0" encoding="UTF-8"?>
<!-- Generated by org.testng.reporters.JUnitReportReporter -->
<testsuite hostname="DESKTOP-7S7LCUO" failures="0" tests="1" name="api.day1.Day1" time="9.102" errors="0" timestamp="2025-05-08T21:46:40 IST" skipped="0">
  <testcase classname="api.day1.Day1" name="getAllStudent" time="9.102"/>
</testsuite> <!-- api.day1.Day1 -->
