<?xml version="1.0" encoding="UTF-8"?>
<!-- Generated by org.testng.reporters.JUnitReportReporter -->
<testsuite hostname="DESKTOP-7S7LCUO" failures="0" tests="1" name="com.swag_labs.tests.InventoryTests" time="4.818" errors="0" timestamp="2025-04-08T22:08:56 IST" skipped="0">
  <testcase classname="com.swag_labs.tests.InventoryTests" name="verifyProductCheckoutFunctionality" time="4.818"/>
</testsuite> <!-- com.swag_labs.tests.InventoryTests -->
